# JRE version: OpenJDK Runtime Environment (8.0_152-b06) (build 1.8.0_152-release-1136-b06)
# Java VM: OpenJDK 64-Bit Server VM (25.152-b06 mixed mode windows-amd64 compressed oops)
Heap:
 PSYoungGen      total 232448K, used 230352K [0x00000000e0000000, 0x00000000f3200000, 0x0000000100000000)
  eden space 223744K, 99% used [0x00000000e0000000,0x00000000ed8b9218,0x00000000eda80000)
  from space 8704K, 96% used [0x00000000f2980000,0x00000000f31bafd0,0x00000000f3200000)
  to   space 32256K, 83% used [0x00000000ef300000,0x00000000f0d40040,0x00000000f1280000)
 ParOldGen       total 488960K, used 444773K [0x00000000a0000000, 0x00000000bdd80000, 0x00000000e0000000)
  object space 488960K, 90% used [0x00000000a0000000,0x00000000bb259758,0x00000000bdd80000)
 Metaspace       used 96758K, capacity 103254K, committed 103424K, reserved 1138688K
  class space    used 12042K, capacity 13273K, committed 13312K, reserved 1048576K
GC Heap History (10 events):
Event: 12099.971 GC heap after
Heap after GC invocations=56 (full 4):
 PSYoungGen      total 269312K, used 5145K [0x00000000e0000000, 0x00000000f6200000, 0x0000000100000000)
  eden space 263680K, 0% used [0x00000000e0000000,0x00000000e0000000,0x00000000f0180000)
  from space 5632K, 91% used [0x00000000f5c80000,0x00000000f6186518,0x00000000f6200000)
  to   space 29696K, 0% used [0x00000000f2800000,0x00000000f2800000,0x00000000f4500000)
 ParOldGen       total 121856K, used 77559K [0x00000000a0000000, 0x00000000a7700000, 0x00000000e0000000)
  object space 121856K, 63% used [0x00000000a0000000,0x00000000a4bbde98,0x00000000a7700000)
 Metaspace       used 96491K, capacity 102974K, committed 103168K, reserved 1138688K
  class space    used 12040K, capacity 13273K, committed 13312K, reserved 1048576K
}
Event: 12282.118 GC heap before
{Heap before GC invocations=57 (full 4):
 PSYoungGen      total 269312K, used 268825K [0x00000000e0000000, 0x00000000f6200000, 0x0000000100000000)
  eden space 263680K, 100% used [0x00000000e0000000,0x00000000f0180000,0x00000000f0180000)
  from space 5632K, 91% used [0x00000000f5c80000,0x00000000f6186518,0x00000000f6200000)
  to   space 29696K, 0% used [0x00000000f2800000,0x00000000f2800000,0x00000000f4500000)
 ParOldGen       total 121856K, used 77559K [0x00000000a0000000, 0x00000000a7700000, 0x00000000e0000000)
  object space 121856K, 63% used [0x00000000a0000000,0x00000000a4bbde98,0x00000000a7700000)
 Metaspace       used 96574K, capacity 103038K, committed 103168K, reserved 1138688K
  class space    used 12040K, capacity 13273K, committed 13312K, reserved 1048576K
Event: 12282.157 GC heap after
Heap after GC invocations=57 (full 4):
 PSYoungGen      total 260096K, used 6665K [0x00000000e0000000, 0x00000000f5d00000, 0x0000000100000000)
  eden space 252928K, 0% used [0x00000000e0000000,0x00000000e0000000,0x00000000ef700000)
  from space 7168K, 92% used [0x00000000f2800000,0x00000000f2e82500,0x00000000f2f00000)
  to   space 29184K, 0% used [0x00000000f4080000,0x00000000f4080000,0x00000000f5d00000)
 ParOldGen       total 121856K, used 77567K [0x00000000a0000000, 0x00000000a7700000, 0x00000000e0000000)
  object space 121856K, 63% used [0x00000000a0000000,0x00000000a4bbfe98,0x00000000a7700000)
 Metaspace       used 96574K, capacity 103038K, committed 103168K, reserved 1138688K
  class space    used 12040K, capacity 13273K, committed 13312K, reserved 1048576K
}
Event: 12362.037 GC heap before
{Heap before GC invocations=58 (full 4):
 PSYoungGen      total 260096K, used 259593K [0x00000000e0000000, 0x00000000f5d00000, 0x0000000100000000)
  eden space 252928K, 100% used [0x00000000e0000000,0x00000000ef700000,0x00000000ef700000)
  from space 7168K, 92% used [0x00000000f2800000,0x00000000f2e82500,0x00000000f2f00000)
  to   space 29184K, 0% used [0x00000000f4080000,0x00000000f4080000,0x00000000f5d00000)
 ParOldGen       total 121856K, used 77567K [0x00000000a0000000, 0x00000000a7700000, 0x00000000e0000000)
  object space 121856K, 63% used [0x00000000a0000000,0x00000000a4bbfe98,0x00000000a7700000)
 Metaspace       used 96614K, capacity 103106K, committed 103168K, reserved 1138688K
  class space    used 12040K, capacity 13273K, committed 13312K, reserved 1048576K
Event: 12362.071 GC heap after
Heap after GC invocations=58 (full 4):
 PSYoungGen      total 247808K, used 4860K [0x00000000e0000000, 0x00000000f4580000, 0x0000000100000000)
  eden space 242688K, 0% used [0x00000000e0000000,0x00000000e0000000,0x00000000eed00000)
  from space 5120K, 94% used [0x00000000f4080000,0x00000000f453f0f0,0x00000000f4580000)
  to   space 28672K, 0% used [0x00000000f0d80000,0x00000000f0d80000,0x00000000f2980000)
 ParOldGen       total 121856K, used 77575K [0x00000000a0000000, 0x00000000a7700000, 0x00000000e0000000)
  object space 121856K, 63% used [0x00000000a0000000,0x00000000a4bc1e98,0x00000000a7700000)
 Metaspace       used 96614K, capacity 103106K, committed 103168K, reserved 1138688K
  class space    used 12040K, capacity 13273K, committed 13312K, reserved 1048576K
}
Event: 12505.795 GC heap before
{Heap before GC invocations=59 (full 4):
 PSYoungGen      total 247808K, used 247548K [0x00000000e0000000, 0x00000000f4580000, 0x0000000100000000)
  eden space 242688K, 100% used [0x00000000e0000000,0x00000000eed00000,0x00000000eed00000)
  from space 5120K, 94% used [0x00000000f4080000,0x00000000f453f0f0,0x00000000f4580000)
  to   space 28672K, 0% used [0x00000000f0d80000,0x00000000f0d80000,0x00000000f2980000)
 ParOldGen       total 121856K, used 77575K [0x00000000a0000000, 0x00000000a7700000, 0x00000000e0000000)
  object space 121856K, 63% used [0x00000000a0000000,0x00000000a4bc1e98,0x00000000a7700000)
 Metaspace       used 96654K, capacity 103114K, committed 103168K, reserved 1138688K
  class space    used 12040K, capacity 13273K, committed 13312K, reserved 1048576K
Event: 12505.843 GC heap after
Heap after GC invocations=59 (full 4):
 PSYoungGen      total 261632K, used 28651K [0x00000000e0000000, 0x00000000f4100000, 0x0000000100000000)
  eden space 232960K, 0% used [0x00000000e0000000,0x00000000e0000000,0x00000000ee380000)
  from space 28672K, 99% used [0x00000000f0d80000,0x00000000f297aee8,0x00000000f2980000)
  to   space 24064K, 0% used [0x00000000f2980000,0x00000000f2980000,0x00000000f4100000)
 ParOldGen       total 121856K, used 77752K [0x00000000a0000000, 0x00000000a7700000, 0x00000000e0000000)
  object space 121856K, 63% used [0x00000000a0000000,0x00000000a4bee340,0x00000000a7700000)
 Metaspace       used 96654K, capacity 103114K, committed 103168K, reserved 1138688K
  class space    used 12040K, capacity 13273K, committed 13312K, reserved 1048576K
}
Event: 12668.768 GC heap before
{Heap before GC invocations=60 (full 4):
 PSYoungGen      total 261632K, used 261563K [0x00000000e0000000, 0x00000000f4100000, 0x0000000100000000)
  eden space 232960K, 99% used [0x00000000e0000000,0x00000000ee373ef8,0x00000000ee380000)
  from space 28672K, 99% used [0x00000000f0d80000,0x00000000f297aee8,0x00000000f2980000)
  to   space 24064K, 0% used [0x00000000f2980000,0x00000000f2980000,0x00000000f4100000)
 ParOldGen       total 121856K, used 77752K [0x00000000a0000000, 0x00000000a7700000, 0x00000000e0000000)
  object space 121856K, 63% used [0x00000000a0000000,0x00000000a4bee340,0x00000000a7700000)
 Metaspace       used 96696K, capacity 103114K, committed 103168K, reserved 1138688K
  class space    used 12041K, capacity 13273K, committed 13312K, reserved 1048576K
Event: 12668.787 GC heap after
Heap after GC invocations=60 (full 4):
 PSYoungGen      total 232448K, used 8427K [0x00000000e0000000, 0x00000000f3200000, 0x0000000100000000)
  eden space 223744K, 0% used [0x00000000e0000000,0x00000000e0000000,0x00000000eda80000)
  from space 8704K, 96% used [0x00000000f2980000,0x00000000f31bafd0,0x00000000f3200000)
  to   space 32256K, 0% used [0x00000000ef300000,0x00000000ef300000,0x00000000f1280000)
 ParOldGen       total 121856K, used 77808K [0x00000000a0000000, 0x00000000a7700000, 0x00000000e0000000)
  object space 121856K, 63% used [0x00000000a0000000,0x00000000a4bfc340,0x00000000a7700000)
 Metaspace       used 96696K, capacity 103114K, committed 103168K, reserved 1138688K
  class space    used 12041K, capacity 13273K, committed 13312K, reserved 1048576K
}
Event: 12915.875 GC heap before
{Heap before GC invocations=61 (full 4):
 PSYoungGen      total 232448K, used 230352K [0x00000000e0000000, 0x00000000f3200000, 0x0000000100000000)
  eden space 223744K, 99% used [0x00000000e0000000,0x00000000ed8b9218,0x00000000eda80000)
  from space 8704K, 96% used [0x00000000f2980000,0x00000000f31bafd0,0x00000000f3200000)
  to   space 32256K, 0% used [0x00000000ef300000,0x00000000ef300000,0x00000000f1280000)
 ParOldGen       total 121856K, used 77808K [0x00000000a0000000, 0x00000000a7700000, 0x00000000e0000000)
  object space 121856K, 63% used [0x00000000a0000000,0x00000000a4bfc340,0x00000000a7700000)
 Metaspace       used 96758K, capacity 103254K, committed 103424K, reserved 1138688K
  class space    used 12042K, capacity 13273K, committed 13312K, reserved 1048576K

